<?xml version="1.0" encoding="UTF-8"?>
<testsuite xmlns:xsi="http://www.w3.org/2001/XMLSchema-instance" xsi:noNamespaceSchemaLocation="https://maven.apache.org/surefire/maven-surefire-plugin/xsd/surefire-test-report-3.0.xsd" version="3.0" name="com.demo.asa.service.providers.AppServiceProviderTest" time="0.011" tests="1" errors="0" skipped="0" failures="0">
  <properties>
    <property name="sun.desktop" value="windows"/>
    <property name="awt.toolkit" value="sun.awt.windows.WToolkit"/>
    <property name="java.specification.version" value="11"/>
    <property name="sun.cpu.isalist" value="amd64"/>
    <property name="sun.jnu.encoding" value="Cp1252"/>
    <property name="java.class.path" value="C:\Users\rsomorji\Work\WorkSpace\Spectra-workspace\AeroplaneSeatingArrangementApp\target\test-classes;C:\Users\rsomorji\Work\WorkSpace\Spectra-workspace\AeroplaneSeatingArrangementApp\target\classes;C:\Users\rsomorji\.m2\repository\junit\junit\4.12\junit-4.12.jar;C:\Users\rsomorji\.m2\repository\org\hamcrest\hamcrest-core\1.3\hamcrest-core-1.3.jar;"/>
    <property name="java.vm.vendor" value="Oracle Corporation"/>
    <property name="sun.arch.data.model" value="64"/>
    <property name="user.variant" value=""/>
    <property name="java.vendor.url" value="https://openjdk.java.net/"/>
    <property name="user.timezone" value="Asia/Calcutta"/>
    <property name="java.vm.specification.version" value="11"/>
    <property name="os.name" value="Windows 10"/>
    <property name="sun.java.launcher" value="SUN_STANDARD"/>
    <property name="user.country" value="US"/>
    <property name="sun.boot.library.path" value="C:\Program Files\Java\jdk-11.0.13\bin"/>
    <property name="sun.java.command" value="C:\Users\rsomorji\AppData\Local\Temp\surefire8425833332123553846\surefirebooter16350700384845922918.jar C:\Users\rsomorji\AppData\Local\Temp\surefire8425833332123553846 2022-05-12T09-41-08_500-jvmRun1 surefire4331177539040396941tmp surefire_02097142208270596633tmp"/>
    <property name="jdk.debug" value="release"/>
    <property name="surefire.test.class.path" value="C:\Users\rsomorji\Work\WorkSpace\Spectra-workspace\AeroplaneSeatingArrangementApp\target\test-classes;C:\Users\rsomorji\Work\WorkSpace\Spectra-workspace\AeroplaneSeatingArrangementApp\target\classes;C:\Users\rsomorji\.m2\repository\junit\junit\4.12\junit-4.12.jar;C:\Users\rsomorji\.m2\repository\org\hamcrest\hamcrest-core\1.3\hamcrest-core-1.3.jar;"/>
    <property name="sun.cpu.endian" value="little"/>
    <property name="user.home" value="C:\Users\rsomorji"/>
    <property name="user.language" value="en"/>
    <property name="java.specification.vendor" value="Oracle Corporation"/>
    <property name="java.version.date" value="2021-10-19"/>
    <property name="java.home" value="C:\Program Files\Java\jdk-11.0.13"/>
    <property name="file.separator" value="\"/>
    <property name="basedir" value="C:\Users\rsomorji\Work\WorkSpace\Spectra-workspace\AeroplaneSeatingArrangementApp"/>
    <property name="java.vm.compressedOopsMode" value="Zero based"/>
    <property name="line.separator" value="&#10;"/>
    <property name="java.specification.name" value="Java Platform API Specification"/>
    <property name="java.vm.specification.vendor" value="Oracle Corporation"/>
    <property name="java.awt.graphicsenv" value="sun.awt.Win32GraphicsEnvironment"/>
    <property name="surefire.real.class.path" value="C:\Users\rsomorji\AppData\Local\Temp\surefire8425833332123553846\surefirebooter16350700384845922918.jar"/>
    <property name="user.script" value=""/>
    <property name="sun.management.compiler" value="HotSpot 64-Bit Tiered Compilers"/>
    <property name="java.runtime.version" value="11.0.13+10-LTS-370"/>
    <property name="user.name" value="rsomorji"/>
    <property name="path.separator" value=";"/>
    <property name="os.version" value="10.0"/>
    <property name="java.runtime.name" value="Java(TM) SE Runtime Environment"/>
    <property name="file.encoding" value="Cp1252"/>
    <property name="java.vm.name" value="Java HotSpot(TM) 64-Bit Server VM"/>
    <property name="java.vendor.version" value="18.9"/>
    <property name="localRepository" value="C:\Users\rsomorji\.m2\repository"/>
    <property name="java.vendor.url.bug" value="https://bugreport.java.com/bugreport/"/>
    <property name="java.io.tmpdir" value="C:\Users\rsomorji\AppData\Local\Temp\"/>
    <property name="java.version" value="11.0.13"/>
    <property name="user.dir" value="C:\Users\rsomorji\Work\WorkSpace\Spectra-workspace\AeroplaneSeatingArrangementApp"/>
    <property name="os.arch" value="amd64"/>
    <property name="java.vm.specification.name" value="Java Virtual Machine Specification"/>
    <property name="java.awt.printerjob" value="sun.awt.windows.WPrinterJob"/>
    <property name="sun.os.patch.level" value=""/>
    <property name="java.library.path" value="C:\Program Files\Java\jdk-11.0.13\bin;C:\WINDOWS\Sun\Java\bin;C:\WINDOWS\system32;C:\WINDOWS;C:\Program Files\Common Files\Oracle\Java\javapath;C:\Python39\Scripts\;C:\Python39\;C:\Program Files (x86)\Common Files\Oracle\Java\javapath;C:\Program Files\JetBrains\IntelliJ IDEA 2020.2\plugins\maven\lib\maven3\bin;C:\Program Files\Docker\Docker\resources\bin;C:\ProgramData\DockerDesktop\version-bin;C:\curl\curl-7.74.0_2-win64-mingw\bin;C:\WINDOWS\system32;C:\WINDOWS;C:\WINDOWS\System32\Wbem;C:\Program Files\Git\cmd;C:\Program Files\nodejs\;C:\ProgramData\chocolatey\bin;C:\WINDOWS\system32;C:\WINDOWS\System32\WindowsPowerShell\v1.0\;C:\WINDOWS\System32\OpenSSH\;C:\Users\rsomorji\AppData\Local\Microsoft\WindowsApps;C:\Users\rsomorji\AppData\Local\Programs\Microsoft VS Code\bin;C:\Users\rsomorji\AppData\Roaming\npm;C:\adb;C:\Program Files\PuTTY\;C:\Program Files\Common Files\Oracle\Java\javapath;C:\Python39\Scripts\;C:\Python39\;C:\Program Files (x86)\Common Files\Oracle\Java\javapath;C:\Program Files\JetBrains\IntelliJ IDEA 2020.2\plugins\maven\lib\maven3\bin;C:\Program Files\Docker\Docker\resources\bin;C:\ProgramData\DockerDesktop\version-bin;C:\curl\curl-7.74.0_2-win64-mingw\bin;C:\WINDOWS\system32;C:\WINDOWS;C:\WINDOWS\System32\Wbem;C:\Program Files\Git\cmd;C:\Program Files\nodejs\;C:\ProgramData\chocolatey\bin;C:\WINDOWS\system32;C:\WINDOWS\System32\WindowsPowerShell\v1.0\;C:\WINDOWS\System32\OpenSSH\;C:\Users\rsomorji\AppData\Local\Microsoft\WindowsApps;C:\Users\rsomorji\AppData\Local\Programs\Microsoft VS Code\bin;C:\Users\rsomorji\AppData\Roaming\npm;C:\adb;C:\Program Files\PuTTY\;C:\Users\rsomorji\AppData\Local\Programs\Python\Python310\Scripts\;C:\Users\rsomorji\AppData\Local\Programs\Python\Python310\;C:\Users\rsomorji\AppData\Local\Microsoft\WindowsApps;C:\Users\rsomorji\AppData\Local\Programs\Microsoft VS Code\bin;C:\Users\rsomorji\AppDa;."/>
    <property name="java.vendor" value="Oracle Corporation"/>
    <property name="java.vm.info" value="mixed mode"/>
    <property name="java.vm.version" value="11.0.13+10-LTS-370"/>
    <property name="sun.io.unicode.encoding" value="UnicodeLittle"/>
    <property name="java.class.version" value="55.0"/>
  </properties>
  <testcase name="managerAllSeats" classname="com.demo.asa.service.providers.AppServiceProviderTest" time="0.001"/>
</testsuite>